{
  "stats": {
    "suites": 1,
    "tests": 1,
    "passes": 1,
    "pending": 0,
    "failures": 0,
    "start": "2022-06-25T12:20:08.925Z",
    "end": "2022-06-25T12:20:21.376Z",
    "duration": 12451,
    "testsRegistered": 1,
    "passPercent": 100,
    "pendingPercent": 0,
    "other": 0,
    "hasOther": false,
    "skipped": 0,
    "hasSkipped": false
  },
  "results": [
    {
      "uuid": "bef0e6b8-fe11-4e82-8f0b-bd169b8d4b8c",
      "title": "",
      "fullFile": "cypress/integration/Framework_practice.js",
      "file": "cypress/integration/Framework_practice.js",
      "beforeHooks": [],
      "afterHooks": [],
      "tests": [],
      "suites": [
        {
          "uuid": "c3f61304-e622-4b96-9c8a-cc46977da3ea",
          "title": "Test suit 4",
          "fullFile": "",
          "file": "",
          "beforeHooks": [],
          "afterHooks": [],
          "tests": [
            {
              "title": "Test Framework",
              "fullTitle": "Test suit 4 Test Framework",
              "timedOut": null,
              "duration": 10392,
              "state": "passed",
              "speed": "slow",
              "pass": true,
              "fail": false,
              "pending": false,
              "context": null,
              "code": "const homePage = new _HomePage.default();\nconst productPage = new _ProductPage.default();\nconst cartPage = new _CartPage.default();\nconst purchasePage = new _PurchasePage.default();\ncy.visit(Cypress.env('url'));\nhomePage.getNameInput().type(this.data.name);\nhomePage.getGenderInput().select(this.data.gender);\nhomePage.getTwoWayDataInput().should('have.value', this.data.name);\nhomePage.getNameInput().should('have.attr', 'minlength', '2');\nhomePage.getDisabledRadioInput().should('be.disabled'); //cy.pause()\nhomePage.getShopTab().click(); //using custom commands which is setup in commands.js file\nthis.data.productName.forEach(element => {\n  cy.selectProduct(element);\n});\nproductPage.getCheckoutButton().click();\nvar sum = 0; //Cypress.config('defaultCommandTimeout',8000);\ncartPage.getTotalColumnValue().each(($el, index, list) => {\n  var totalPrice = $el.text().split(' ');\n  totalPrice = Number(totalPrice[1].trim());\n  sum = sum + totalPrice;\n}).then(function () {//cy.log(sum);\n});\ncartPage.getTotalValue().then(function (element) {\n  var finalPrice = element.text().split(' ');\n  finalPrice = Number(finalPrice[1].trim());\n  expect(finalPrice).to.equal(sum);\n});\ncartPage.getCheckoutButton().click();\npurchasePage.getCountryInput().type('Banglad');\npurchasePage.getTypedCountry().click();\npurchasePage.getCheckbox().click({\n  force: true\n});\npurchasePage.getPurchaseButton().click();\npurchasePage.getAlertBox().then(function (element) {\n  expect(element.text().includes('Success')).to.be.true;\n});",
              "err": {},
              "uuid": "4bf6de80-e689-4242-bbe4-b97688307975",
              "parentUUID": "c3f61304-e622-4b96-9c8a-cc46977da3ea",
              "isHook": false,
              "skipped": false
            }
          ],
          "suites": [],
          "passes": [
            "4bf6de80-e689-4242-bbe4-b97688307975"
          ],
          "failures": [],
          "pending": [],
          "skipped": [],
          "duration": 10392,
          "root": false,
          "rootEmpty": false,
          "_timeout": 2000
        }
      ],
      "passes": [],
      "failures": [],
      "pending": [],
      "skipped": [],
      "duration": 0,
      "root": true,
      "rootEmpty": true,
      "_timeout": 2000
    }
  ],
  "meta": {
    "mocha": {
      "version": "7.0.1"
    },
    "mochawesome": {
      "options": {
        "quiet": false,
        "reportFilename": "mochawesome",
        "saveHtml": true,
        "saveJson": true,
        "consoleReporter": "spec",
        "useInlineDiffs": false,
        "code": true
      },
      "version": "7.1.3"
    },
    "marge": {
      "options": {
        "reportDir": "cypress/results",
        "overwrite": false,
        "html": true,
        "json": true
      },
      "version": "6.2.0"
    }
  }
}